0 info it worked if it ends with ok
1 verbose cli [ '/usr/local/bin/node',
1 verbose cli   '/usr/local/bin/npm',
1 verbose cli   'install',
1 verbose cli   '-g',
1 verbose cli   'cordova' ]
2 info using npm@2.14.12
3 info using node@v4.2.6
4 verbose install initial load of /usr/local/lib/package.json
5 verbose readDependencies loading dependencies from /usr/local/lib/package.json
6 silly cache add args [ 'cordova', null ]
7 verbose cache add spec cordova
8 silly cache add parsed spec Result {
8 silly cache add   raw: 'cordova',
8 silly cache add   scope: null,
8 silly cache add   name: 'cordova',
8 silly cache add   rawSpec: '',
8 silly cache add   spec: 'latest',
8 silly cache add   type: 'tag' }
9 silly addNamed cordova@latest
10 verbose addNamed "latest" is being treated as a dist-tag for cordova
11 info addNameTag [ 'cordova', 'latest' ]
12 silly mapToRegistry name cordova
13 silly mapToRegistry using default registry
14 silly mapToRegistry registry https://registry.npmjs.org/
15 silly mapToRegistry uri https://registry.npmjs.org/cordova
16 verbose addNameTag registry:https://registry.npmjs.org/cordova not in flight; fetching
17 verbose request uri https://registry.npmjs.org/cordova
18 verbose request no auth needed
19 info attempt registry request try #1 at 3:34:05 PM
20 verbose request id 673b2f41e3ba0535
21 verbose etag "48R6DSFIP6WHSV567A2J0MCJA"
22 http request GET https://registry.npmjs.org/cordova
23 http 200 https://registry.npmjs.org/cordova
24 verbose headers { server: 'CouchDB/1.5.0 (Erlang OTP/R16B03)',
24 verbose headers   etag: '"DGJHRS7T69V2KSN0IDDPZNQLZ"',
24 verbose headers   'content-type': 'application/json',
24 verbose headers   'cache-control': 'max-age=300',
24 verbose headers   'content-length': '365443',
24 verbose headers   'accept-ranges': 'bytes',
24 verbose headers   date: 'Tue, 29 Mar 2016 13:34:06 GMT',
24 verbose headers   via: '1.1 varnish',
24 verbose headers   age: '154',
24 verbose headers   connection: 'keep-alive',
24 verbose headers   'x-served-by': 'cache-ams4138-AMS',
24 verbose headers   'x-cache': 'HIT',
24 verbose headers   'x-cache-hits': '2',
24 verbose headers   'x-timer': 'S1459258446.029685,VS0,VE0',
24 verbose headers   vary: 'Accept' }
25 silly get cb [ 200,
25 silly get   { server: 'CouchDB/1.5.0 (Erlang OTP/R16B03)',
25 silly get     etag: '"DGJHRS7T69V2KSN0IDDPZNQLZ"',
25 silly get     'content-type': 'application/json',
25 silly get     'cache-control': 'max-age=300',
25 silly get     'content-length': '365443',
25 silly get     'accept-ranges': 'bytes',
25 silly get     date: 'Tue, 29 Mar 2016 13:34:06 GMT',
25 silly get     via: '1.1 varnish',
25 silly get     age: '154',
25 silly get     connection: 'keep-alive',
25 silly get     'x-served-by': 'cache-ams4138-AMS',
25 silly get     'x-cache': 'HIT',
25 silly get     'x-cache-hits': '2',
25 silly get     'x-timer': 'S1459258446.029685,VS0,VE0',
25 silly get     vary: 'Accept' } ]
26 verbose get saving cordova to /Users/robin/.npm/registry.npmjs.org/cordova/.cache.json
27 silly addNameTag next cb for cordova with tag latest
28 silly addNamed cordova@6.1.0
29 verbose addNamed "6.1.0" is a plain semver version for cordova
30 silly mapToRegistry name cordova
31 silly mapToRegistry using default registry
32 silly mapToRegistry registry https://registry.npmjs.org/
33 silly mapToRegistry uri https://registry.npmjs.org/cordova
34 verbose addRemoteTarball https://registry.npmjs.org/cordova/-/cordova-6.1.0.tgz not in flight; adding
35 verbose addRemoteTarball [ 'https://registry.npmjs.org/cordova/-/cordova-6.1.0.tgz',
35 verbose addRemoteTarball   '6c801199aaa01118e7ce56ec16ad4a01d54bce1e' ]
36 info retry fetch attempt 1 at 3:34:06 PM
37 info attempt registry request try #1 at 3:34:06 PM
38 http fetch GET https://registry.npmjs.org/cordova/-/cordova-6.1.0.tgz
39 http fetch 200 https://registry.npmjs.org/cordova/-/cordova-6.1.0.tgz
40 silly fetchAndShaCheck shasum 6c801199aaa01118e7ce56ec16ad4a01d54bce1e
41 verbose addTmpTarball /var/folders/6x/4jdztwd535lg9tglbps7x_mw0000gn/T/npm-4091-18a6dd56/registry.npmjs.org/cordova/-/cordova-6.1.0.tgz not in flight; adding
42 verbose addTmpTarball already have metadata; skipping unpack for cordova@6.1.0
43 silly cache afterAdd cordova@6.1.0
44 verbose afterAdd /Users/robin/.npm/cordova/6.1.0/package/package.json not in flight; writing
45 verbose afterAdd /Users/robin/.npm/cordova/6.1.0/package/package.json written
46 silly install resolved [ { name: 'cordova',
46 silly install resolved     version: '6.1.0',
46 silly install resolved     preferGlobal: 'true',
46 silly install resolved     description: 'Cordova command line interface tool',
46 silly install resolved     main: 'cordova',
46 silly install resolved     engines: { node: '>=0.9.9' },
46 silly install resolved     engineStrict: true,
46 silly install resolved     bin: { cordova: './bin/cordova' },
46 silly install resolved     scripts:
46 silly install resolved      { test: 'node node_modules/jasmine-node/bin/jasmine-node --captureExceptions --color spec',
46 silly install resolved        cover: 'node node_modules/istanbul/lib/cli.js cover --root src --print detail node_modules/jasmine-node/bin/jasmine-node -- spec' },
46 silly install resolved     repository:
46 silly install resolved      { type: 'git',
46 silly install resolved        url: 'https://git-wip-us.apache.org/repos/asf/cordova-cli.git' },
46 silly install resolved     bugs:
46 silly install resolved      { url: 'https://issues.apache.org/jira/browse/CB',
46 silly install resolved        email: 'dev@cordova.apache.org' },
46 silly install resolved     keywords: [ 'cordova', 'client', 'cli' ],
46 silly install resolved     dependencies:
46 silly install resolved      { ansi: '^0.3.0',
46 silly install resolved        'cordova-lib': '6.1.0',
46 silly install resolved        'cordova-common': '^1.1.0',
46 silly install resolved        q: '1.0.1',
46 silly install resolved        nopt: '3.0.1',
46 silly install resolved        underscore: '1.7.0',
46 silly install resolved        'update-notifier': '^0.5.0' },
46 silly install resolved     devDependencies:
46 silly install resolved      { istanbul: '^0.3.4',
46 silly install resolved        grunt: '0.4.5',
46 silly install resolved        'grunt-retire': '0.3.7',
46 silly install resolved        'jasmine-node': '1.14.5' },
46 silly install resolved     author: { name: 'Anis Kadri' },
46 silly install resolved     contributors:
46 silly install resolved      [ [Object],
46 silly install resolved        [Object],
46 silly install resolved        [Object],
46 silly install resolved        [Object],
46 silly install resolved        [Object],
46 silly install resolved        [Object],
46 silly install resolved        [Object],
46 silly install resolved        [Object],
46 silly install resolved        [Object],
46 silly install resolved        [Object],
46 silly install resolved        [Object],
46 silly install resolved        [Object],
46 silly install resolved        [Object],
46 silly install resolved        [Object],
46 silly install resolved        [Object],
46 silly install resolved        [Object],
46 silly install resolved        [Object],
46 silly install resolved        [Object],
46 silly install resolved        [Object],
46 silly install resolved        [Object],
46 silly install resolved        [Object],
46 silly install resolved        [Object],
46 silly install resolved        [Object],
46 silly install resolved        [Object] ],
46 silly install resolved     license: 'Apache-2.0',
46 silly install resolved     _id: 'cordova@6.1.0',
46 silly install resolved     _shasum: '6c801199aaa01118e7ce56ec16ad4a01d54bce1e',
46 silly install resolved     _resolved: 'https://registry.npmjs.org/cordova/-/cordova-6.1.0.tgz',
46 silly install resolved     _from: 'cordova@latest',
46 silly install resolved     _npmVersion: '3.5.3',
46 silly install resolved     _nodeVersion: '5.4.1',
46 silly install resolved     _npmUser: { name: 'stevegill', email: 'stevengill97@gmail.com' },
46 silly install resolved     dist:
46 silly install resolved      { shasum: '6c801199aaa01118e7ce56ec16ad4a01d54bce1e',
46 silly install resolved        tarball: 'http://registry.npmjs.org/cordova/-/cordova-6.1.0.tgz' },
46 silly install resolved     maintainers:
46 silly install resolved      [ [Object],
46 silly install resolved        [Object],
46 silly install resolved        [Object],
46 silly install resolved        [Object],
46 silly install resolved        [Object],
46 silly install resolved        [Object],
46 silly install resolved        [Object],
46 silly install resolved        [Object],
46 silly install resolved        [Object],
46 silly install resolved        [Object],
46 silly install resolved        [Object],
46 silly install resolved        [Object],
46 silly install resolved        [Object],
46 silly install resolved        [Object],
46 silly install resolved        [Object],
46 silly install resolved        [Object],
46 silly install resolved        [Object],
46 silly install resolved        [Object] ],
46 silly install resolved     _npmOperationalInternal:
46 silly install resolved      { host: 'packages-12-west.internal.npmjs.com',
46 silly install resolved        tmp: 'tmp/cordova-6.1.0.tgz_1458760269990_0.28462243266403675' },
46 silly install resolved     directories: {} } ]
47 info install cordova@6.1.0 into /usr/local/lib
48 info installOne cordova@6.1.0
49 verbose installOne of cordova to /usr/local/lib not in flight; installing
50 verbose lock using /Users/robin/.npm/_locks/cordova-fa12e2e096426a32.lock for /usr/local/lib/node_modules/cordova
51 silly install write writing cordova 6.1.0 to /usr/local/lib/node_modules/cordova
52 verbose unbuild lib/node_modules/cordova
53 info preuninstall cordova@6.0.0
54 info uninstall cordova@6.0.0
55 verbose unbuild rmStuff cordova@6.0.0 from /usr/local/lib/node_modules
56 silly gentlyRm /usr/local/bin/cordova is being gently removed
57 silly gentlyRm verifying /usr/local is an npm working directory
58 silly gentlyRm containing path /usr/local is under npm's control, in /usr/local
59 silly gentlyRm deletion target /usr/local/bin/cordova is under /usr/local
60 verbose gentlyRm vacuuming from /usr/local/bin/cordova up to /usr/local
61 silly vacuum-fs removing /usr/local/bin/cordova
62 verbose unlock done using /Users/robin/.npm/_locks/cordova-fa12e2e096426a32.lock for /usr/local/lib/node_modules/cordova
63 verbose stack Error: EACCES: permission denied, unlink '/usr/local/bin/cordova'
63 verbose stack     at Error (native)
64 verbose cwd /Users/robin/MD1/Eindopdracht/Eindopdracht MD1
65 error Darwin 15.3.0
66 error argv "/usr/local/bin/node" "/usr/local/bin/npm" "install" "-g" "cordova"
67 error node v4.2.6
68 error npm  v2.14.12
69 error path /usr/local/bin/cordova
70 error code EACCES
71 error errno -13
72 error syscall unlink
73 error Error: EACCES: permission denied, unlink '/usr/local/bin/cordova'
73 error     at Error (native)
73 error  { [Error: EACCES: permission denied, unlink '/usr/local/bin/cordova']
73 error   errno: -13,
73 error   code: 'EACCES',
73 error   syscall: 'unlink',
73 error   path: '/usr/local/bin/cordova' }
74 error Please try running this command again as root/Administrator.
75 verbose exit [ -13, true ]
76 verbose unbuild lib/node_modules/cordova
77 info preuninstall cordova@6.0.0
78 info uninstall cordova@6.0.0
79 verbose unbuild rmStuff cordova@6.0.0 from /usr/local/lib/node_modules
80 silly gentlyRm /usr/local/bin/cordova is being gently removed
81 silly gentlyRm verifying /usr/local is an npm working directory
82 silly gentlyRm containing path /usr/local is under npm's control, in /usr/local
83 silly gentlyRm deletion target /usr/local/bin/cordova is under /usr/local
84 verbose gentlyRm vacuuming from /usr/local/bin/cordova up to /usr/local
85 silly vacuum-fs removing /usr/local/bin/cordova
86 error error rolling back Error: EACCES: permission denied, unlink '/usr/local/bin/cordova'
86 error error rolling back     at Error (native)
86 error error rolling back  { [Error: EACCES: permission denied, unlink '/usr/local/bin/cordova']
86 error error rolling back   errno: -13,
86 error error rolling back   code: 'EACCES',
86 error error rolling back   syscall: 'unlink',
86 error error rolling back   path: '/usr/local/bin/cordova' }
